{"C:\\Users\\chica\\OneDrive\\Documentos\\Lab-Notes\\DEV001-notes\\src\\assets\\firebase.jsx": {"path":"C:\\Users\\chica\\OneDrive\\Documentos\\Lab-Notes\\DEV001-notes\\src\\assets\\firebase.jsx","statementMap":{"0":{"start":{"line":6,"column":23},"end":{"line":13,"column":1}},"1":{"start":{"line":15,"column":12},"end":{"line":15,"column":41}},"2":{"start":{"line":16,"column":18},"end":{"line":16,"column":32}},"3":{"start":{"line":17,"column":20},"end":{"line":17,"column":32}}},"fnMap":{},"branchMap":{},"s":{"0":0,"1":0,"2":0,"3":0},"f":{},"b":{}}
}
